<?xml version="1.0" encoding="UTF-8"?>
<!-- Generated by org.testng.reporters.JUnitReportReporter -->
<testsuite hostname="DELL-FHHTRG3" failures="0" tests="2" name="Register.Test_11_BrokerLicenseNumber_Negative" time="0.478" errors="0" timestamp="2024-07-16T15:15:19 IST" skipped="0">
  <testcase classname="Register.Test_11_BrokerLicenseNumber_Negative" name="test_registerComplaint_Invalid_BrokerLicenseNumber" time="0.270"/>
  <testcase classname="Register.Test_11_BrokerLicenseNumber_Negative" name="test_registerComplaint_Null_BrokerLicenseNumber" time="0.208"/>
</testsuite> <!-- Register.Test_11_BrokerLicenseNumber_Negative -->
