<?xml version="1.0" encoding="UTF-8"?>
<!-- Generated by org.testng.reporters.JUnitReportReporter -->
<testsuite hostname="DELL-FHHTRG3" failures="0" tests="4" name="Register.Test_29_Mode_Negative" time="0.670" errors="0" timestamp="2024-07-16T15:15:19 IST" skipped="0">
  <testcase classname="Register.Test_29_Mode_Negative" name="test_Mode_Null" time="0.256"/>
  <testcase classname="Register.Test_29_Mode_Negative" name="test_Mode_Invalid" time="0.130"/>
  <testcase classname="Register.Test_29_Mode_Negative" name="test_Mode_Alphabetical" time="0.158"/>
  <testcase classname="Register.Test_29_Mode_Negative" name="test_Mode_SpecialChars" time="0.126"/>
</testsuite> <!-- Register.Test_29_Mode_Negative -->
