<?xml version="1.0" encoding="UTF-8"?>
<!-- Generated by org.testng.reporters.JUnitReportReporter -->
<testsuite hostname="DELL-FHHTRG3" failures="0" tests="1" name="Register.Test_7_RegisterComplaint_AgainstTPA" time="0.259" errors="0" timestamp="2024-07-16T15:15:19 IST" skipped="0">
  <testcase classname="Register.Test_7_RegisterComplaint_AgainstTPA" name="test_registerComplaint_Against_TPA" time="0.259"/>
</testsuite> <!-- Register.Test_7_RegisterComplaint_AgainstTPA -->
