<?xml version="1.0" encoding="UTF-8"?>
<!-- Generated by org.testng.reporters.JUnitReportReporter -->
<testsuite hostname="DELL-FHHTRG3" failures="0" tests="4" name="Register.Test_15_ComplaintAgainstTypeID_Negative" time="0.899" errors="0" timestamp="2024-07-16T15:15:19 IST" skipped="0">
  <testcase classname="Register.Test_15_ComplaintAgainstTypeID_Negative" name="test_Null_ComplaintAgainstTypeID" time="0.174"/>
  <testcase classname="Register.Test_15_ComplaintAgainstTypeID_Negative" name="test_Alphabatical_ComplaintAgainstTypeID" time="0.209"/>
  <testcase classname="Register.Test_15_ComplaintAgainstTypeID_Negative" name="test_SpecialCharacter_ComplaintAgainstTypeID" time="0.238"/>
  <testcase classname="Register.Test_15_ComplaintAgainstTypeID_Negative" name="test_Invalid_ComplaintAgainstTypeID" time="0.278"/>
</testsuite> <!-- Register.Test_15_ComplaintAgainstTypeID_Negative -->
