<?xml version="1.0" encoding="UTF-8"?>
<!-- Generated by org.testng.reporters.JUnitReportReporter -->
<testsuite hostname="DELL-FHHTRG3" failures="0" tests="4" name="Register.Test_31_IdentifierType_Negative" time="0.723" errors="0" timestamp="2024-07-16T15:15:19 IST" skipped="0">
  <testcase classname="Register.Test_31_IdentifierType_Negative" name="test_Identifier_Type_Null" time="0.173"/>
  <testcase classname="Register.Test_31_IdentifierType_Negative" name="test_Identifier_type_SpecialChars" time="0.235"/>
  <testcase classname="Register.Test_31_IdentifierType_Negative" name="test_Identifier_type_Alphabetical" time="0.173"/>
  <testcase classname="Register.Test_31_IdentifierType_Negative" name="test_Identifier_type_Invalid" time="0.142"/>
</testsuite> <!-- Register.Test_31_IdentifierType_Negative -->
