<?xml version="1.0" encoding="UTF-8"?>
<!-- Generated by org.testng.reporters.JUnitReportReporter -->
<testsuite hostname="DELL-FHHTRG3" failures="0" tests="6" name="Update.Test_10_RopComplaint" time="8.630" errors="0" timestamp="2024-07-16T15:15:19 IST" skipped="0">
  <testcase classname="Update.Test_10_RopComplaint" name="rop_to_new_negative_TC" time="1.461"/>
  <testcase classname="Update.Test_10_RopComplaint" name="rop_to_ack_negative_TC" time="1.419"/>
  <testcase classname="Update.Test_10_RopComplaint" name="rop_to_pending_negative_TC" time="1.395"/>
  <testcase classname="Update.Test_10_RopComplaint" name="rop_to_esc_negative_TC" time="1.395"/>
  <testcase classname="Update.Test_10_RopComplaint" name="rop_to_cls_negative_TC" time="1.628"/>
  <testcase classname="Update.Test_10_RopComplaint" name="rop_to_att_with_claim_negative_TC" time="1.332"/>
</testsuite> <!-- Update.Test_10_RopComplaint -->
