<?xml version="1.0" encoding="UTF-8"?>
<!-- Generated by org.testng.reporters.JUnitReportReporter -->
<testsuite hostname="DELL-FHHTRG3" failures="0" tests="2" name="Register.Test_12_IntermediaryName_Negative" time="0.379" errors="0" timestamp="2024-07-16T15:15:19 IST" skipped="0">
  <testcase classname="Register.Test_12_IntermediaryName_Negative" name="test_Null_IntermediaryName" time="0.178"/>
  <testcase classname="Register.Test_12_IntermediaryName_Negative" name="test_Invalid_IntermediaryName" time="0.201"/>
</testsuite> <!-- Register.Test_12_IntermediaryName_Negative -->
