<?xml version="1.0" encoding="UTF-8"?>
<!-- Generated by org.testng.reporters.JUnitReportReporter -->
<testsuite hostname="DELL-FHHTRG3" failures="0" tests="1" name="Register.Test_5_RegisterComplaint_AgainstBroker" time="0.426" errors="0" timestamp="2024-07-16T15:15:19 IST" skipped="0">
  <testcase classname="Register.Test_5_RegisterComplaint_AgainstBroker" name="test_registerComplaint_Against_Broker" time="0.426"/>
</testsuite> <!-- Register.Test_5_RegisterComplaint_AgainstBroker -->
