<?xml version="1.0" encoding="UTF-8"?>
<!-- Generated by org.testng.reporters.JUnitReportReporter -->
<testsuite hostname="DELL-FHHTRG3" failures="0" tests="5" name="Update.Test_3_AckComplaint" time="3.313" errors="0" timestamp="2024-07-16T15:15:19 IST" skipped="0">
  <testcase classname="Update.Test_3_AckComplaint" name="ack_to_new_negative_TC" time="0.582"/>
  <testcase classname="Update.Test_3_AckComplaint" name="ack_to_att_negative_TC" time="0.695"/>
  <testcase classname="Update.Test_3_AckComplaint" name="ack_to_esc_negative_TC" time="0.615"/>
  <testcase classname="Update.Test_3_AckComplaint" name="ack_to_rop_negative_TC" time="0.849"/>
  <testcase classname="Update.Test_3_AckComplaint" name="ack_to_cls_negative_TC" time="0.572"/>
</testsuite> <!-- Update.Test_3_AckComplaint -->
