<?xml version="1.0" encoding="UTF-8"?>
<!-- Generated by org.testng.reporters.JUnitReportReporter -->
<testsuite hostname="DELL-FHHTRG3" failures="0" tests="1" name="Register.Test_1_RegisterComplaint_PresentDate" time="3.396" errors="0" timestamp="2024-07-16T15:15:19 IST" skipped="0">
  <testcase classname="Register.Test_1_RegisterComplaint_PresentDate" name="test_registerComplaint_PresentDate" time="3.396"/>
</testsuite> <!-- Register.Test_1_RegisterComplaint_PresentDate -->
