<?xml version="1.0" encoding="UTF-8"?>
<!-- Generated by org.testng.reporters.JUnitReportReporter -->
<testsuite hostname="DELL-FHHTRG3" failures="0" tests="9" name="Update.Test_5_Ack_Pen_MandateField_Validation" time="3.297" errors="0" timestamp="2024-07-16T15:15:19 IST" skipped="0">
  <testcase classname="Update.Test_5_Ack_Pen_MandateField_Validation" name="Update_Status_Without_Status_Change_Date_field_negative_TC" time="0.318"/>
  <testcase classname="Update.Test_5_Ack_Pen_MandateField_Validation" name="Update_Status_Without_IRDA_Token_Number_field_negative_TC" time="0.348"/>
  <testcase classname="Update.Test_5_Ack_Pen_MandateField_Validation" name="Update_Status_With_null_Entity_Complaint_Ref_Number_field_negative_TC" time="0.422"/>
  <testcase classname="Update.Test_5_Ack_Pen_MandateField_Validation" name="Update_Status_Without_Complaint_Status_Id_field_negative_TC" time="0.365"/>
  <testcase classname="Update.Test_5_Ack_Pen_MandateField_Validation" name="Update_Status_Without_Trans_Login_Id_Field_negative_TC" time="0.351"/>
  <testcase classname="Update.Test_5_Ack_Pen_MandateField_Validation" name="Update_Status_Without_Option_Field_negative_TC" time="0.366"/>
  <testcase classname="Update.Test_5_Ack_Pen_MandateField_Validation" name="Update_Status_Without_Mode_Field_negative_TC" time="0.355"/>
  <testcase classname="Update.Test_5_Ack_Pen_MandateField_Validation" name="Update_Status_Invalid_Mode_Field_negative_TC" time="0.432"/>
  <testcase classname="Update.Test_5_Ack_Pen_MandateField_Validation" name="Update_Status_With_Removed_Entity_ref_Id_field_negative_TC" time="0.340"/>
</testsuite> <!-- Update.Test_5_Ack_Pen_MandateField_Validation -->
