<?xml version="1.0" encoding="UTF-8"?>
<!-- Generated by org.testng.reporters.JUnitReportReporter -->
<testsuite hostname="DELL-FHHTRG3" failures="0" tests="7" name="Update.Test_7_Att_to_Complaint" time="7.956" errors="0" timestamp="2024-07-16T15:15:19 IST" skipped="0">
  <testcase classname="Update.Test_7_Att_to_Complaint" name="att_to_new_negative_TC" time="1.091"/>
  <testcase classname="Update.Test_7_Att_to_Complaint" name="att_to_ack_negative_TC" time="1.050"/>
  <testcase classname="Update.Test_7_Att_to_Complaint" name="att_to_pen_negative_TC" time="0.952"/>
  <testcase classname="Update.Test_7_Att_to_Complaint" name="att_to_rop_negative_TC" time="1.191"/>
  <testcase classname="Update.Test_7_Att_to_Complaint" name="att_to_esc_with_mandatary_fields_negative_TC" time="0.892"/>
  <testcase classname="Update.Test_7_Att_to_Complaint" name="att_to_cls_with_ESC_negative_TC" time="1.789"/>
  <testcase classname="Update.Test_7_Att_to_Complaint" name="att_to_cls_negative_TC" time="0.991"/>
</testsuite> <!-- Update.Test_7_Att_to_Complaint -->
