<?xml version="1.0" encoding="UTF-8"?>
<!-- Generated by org.testng.reporters.JUnitReportReporter -->
<testsuite hostname="DELL-FHHTRG3" failures="0" tests="1" name="Register.Test_8_RegisterComplaint_AgainstAgent" time="0.271" errors="0" timestamp="2024-07-16T15:15:19 IST" skipped="0">
  <testcase classname="Register.Test_8_RegisterComplaint_AgainstAgent" name="test_registerComplaint_Against_Agent" time="0.271"/>
</testsuite> <!-- Register.Test_8_RegisterComplaint_AgainstAgent -->
