<?xml version="1.0" encoding="UTF-8"?>
<!-- Generated by org.testng.reporters.JUnitReportReporter -->
<testsuite hostname="DELL-FHHTRG3" failures="0" tests="3" name="Register.Test_4_UserType_Negative" time="0.813" errors="0" timestamp="2024-07-16T15:15:19 IST" skipped="0">
  <testcase classname="Register.Test_4_UserType_Negative" name="test_registerComplaint_NullUserType" time="0.272"/>
  <testcase classname="Register.Test_4_UserType_Negative" name="test_registerComplaint_NumericUserType" time="0.241"/>
  <testcase classname="Register.Test_4_UserType_Negative" name="test_registerComplaint_InvalidUserType" time="0.300"/>
</testsuite> <!-- Register.Test_4_UserType_Negative -->
