<?xml version="1.0" encoding="UTF-8"?>
<!-- Generated by org.testng.reporters.JUnitReportReporter -->
<testsuite hostname="DELL-FHHTRG3" failures="0" tests="5" name="Update.Test_2_NewComplaint" time="2.082" errors="0" timestamp="2024-07-16T15:15:19 IST" skipped="0">
  <testcase classname="Update.Test_2_NewComplaint" name="new_to_pen_negative_TC" time="0.447"/>
  <testcase classname="Update.Test_2_NewComplaint" name="new_to_att_negative_TC" time="0.457"/>
  <testcase classname="Update.Test_2_NewComplaint" name="new_to_esc_negative_TC" time="0.377"/>
  <testcase classname="Update.Test_2_NewComplaint" name="new_to_rop_negative_TC" time="0.393"/>
  <testcase classname="Update.Test_2_NewComplaint" name="new_to_cls_negative_TC" time="0.408"/>
</testsuite> <!-- Update.Test_2_NewComplaint -->
