<?xml version="1.0" encoding="UTF-8"?>
<!-- Generated by org.testng.reporters.JUnitReportReporter -->
<testsuite hostname="DELL-FHHTRG3" failures="0" tests="2" name="Register.Test_18_EntityComplaintReferenceNumber_Negative" time="0.599" errors="0" timestamp="2024-07-16T15:15:19 IST" skipped="0">
  <testcase classname="Register.Test_18_EntityComplaintReferenceNumber_Negative" name="test_Duplicate_EntityComplaintReferenceNumber" time="0.425"/>
  <testcase classname="Register.Test_18_EntityComplaintReferenceNumber_Negative" name="test_Null_EntityComplaintReferenceNumber" time="0.174"/>
</testsuite> <!-- Register.Test_18_EntityComplaintReferenceNumber_Negative -->
