<?xml version="1.0" encoding="UTF-8"?>
<!-- Generated by org.testng.reporters.JUnitReportReporter -->
<testsuite hostname="DELL-FHHTRG3" failures="0" tests="5" name="Register.Test_27_AddressedToInsurer_Negative" time="0.782" errors="0" timestamp="2024-07-16T15:15:19 IST" skipped="0">
  <testcase classname="Register.Test_27_AddressedToInsurer_Negative" name="test_Addressed_To_Insurer_Null" time="0.189"/>
  <testcase classname="Register.Test_27_AddressedToInsurer_Negative" name="test_Addressed_To_Insurer_With_N" time="0.164"/>
  <testcase classname="Register.Test_27_AddressedToInsurer_Negative" name="test_Addressed_To_Insurer_Numeric" time="0.130"/>
  <testcase classname="Register.Test_27_AddressedToInsurer_Negative" name="test_Addressed_To_Insurer_SpecialChars" time="0.158"/>
  <testcase classname="Register.Test_27_AddressedToInsurer_Negative" name="test_Addressed_To_Insurer_Invalid" time="0.141"/>
</testsuite> <!-- Register.Test_27_AddressedToInsurer_Negative -->
