<?xml version="1.0" encoding="UTF-8"?>
<!-- Generated by org.testng.reporters.JUnitReportReporter -->
<testsuite hostname="DELL-FHHTRG3" failures="0" tests="6" name="Update.Test_4_PenComplaint" time="4.850" errors="0" timestamp="2024-07-16T15:15:19 IST" skipped="0">
  <testcase classname="Update.Test_4_PenComplaint" name="pen_to_new_negative_TC" time="0.850"/>
  <testcase classname="Update.Test_4_PenComplaint" name="pen_to_ack_negative_TC" time="0.738"/>
  <testcase classname="Update.Test_4_PenComplaint" name="pen_to_esc_negative_TC" time="0.726"/>
  <testcase classname="Update.Test_4_PenComplaint" name="pen_to_rop_negative_TC" time="0.731"/>
  <testcase classname="Update.Test_4_PenComplaint" name="pen_to_cls_negative_TC" time="0.873"/>
  <testcase classname="Update.Test_4_PenComplaint" name="pen_to_attent_to_claim_negative_TC" time="0.932"/>
</testsuite> <!-- Update.Test_4_PenComplaint -->
