<?xml version="1.0" encoding="UTF-8"?>
<!-- Generated by org.testng.reporters.JUnitReportReporter -->
<testsuite hostname="DELL-FHHTRG3" failures="0" tests="1" name="Register.Test_30_PolicyProposalCertClaimNumber_Negative" time="0.125" errors="0" timestamp="2024-07-16T15:15:19 IST" skipped="0">
  <testcase classname="Register.Test_30_PolicyProposalCertClaimNumber_Negative" name="test_Policy_Proposal_Cert_Claim_Number_Null" time="0.125"/>
</testsuite> <!-- Register.Test_30_PolicyProposalCertClaimNumber_Negative -->
