<?xml version="1.0" encoding="UTF-8"?>
<!-- Generated by org.testng.reporters.JUnitReportReporter -->
<testsuite hostname="DELL-FHHTRG3" failures="0" tests="6" name="Update.Test_11_Cls_Negative" time="8.504" errors="0" timestamp="2024-07-16T15:15:19 IST" skipped="0">
  <testcase classname="Update.Test_11_Cls_Negative" name="cls_to_new_nagative_TC" time="1.637"/>
  <testcase classname="Update.Test_11_Cls_Negative" name="cls_to_ack_negative_TC" time="1.380"/>
  <testcase classname="Update.Test_11_Cls_Negative" name="cls_to_pen_negative_TC" time="1.151"/>
  <testcase classname="Update.Test_11_Cls_Negative" name="cls_to_att_negative_TC" time="1.167"/>
  <testcase classname="Update.Test_11_Cls_Negative" name="cls_to_esc_negative_TC" time="1.193"/>
  <testcase classname="Update.Test_11_Cls_Negative" name="cls_to_rop_negative_TC" time="1.976"/>
</testsuite> <!-- Update.Test_11_Cls_Negative -->
