<?xml version="1.0" encoding="UTF-8"?>
<!-- Generated by org.testng.reporters.JUnitReportReporter -->
<testsuite hostname="DELL-FHHTRG3" failures="0" tests="1" name="Update.Test_6_pen_to_Att_mand_field_validation" time="0.592" errors="0" timestamp="2024-07-16T15:15:19 IST" skipped="0">
  <testcase classname="Update.Test_6_pen_to_Att_mand_field_validation" name="pen_to_att_without_mand_field_negative_TC" time="0.592"/>
</testsuite> <!-- Update.Test_6_pen_to_Att_mand_field_validation -->
