<?xml version="1.0" encoding="UTF-8"?>
<!-- Generated by org.testng.reporters.JUnitReportReporter -->
<testsuite hostname="DELL-FHHTRG3" failures="0" tests="1" name="Update.Test_13_branch_code_validation" time="0.452" errors="0" timestamp="2024-07-16T15:15:19 IST" skipped="0">
  <testcase classname="Update.Test_13_branch_code_validation" name="registerAgainst_Broker_new_to_ack_positive_TC" time="0.452"/>
</testsuite> <!-- Update.Test_13_branch_code_validation -->
