<?xml version="1.0" encoding="UTF-8"?>
<!-- Generated by org.testng.reporters.JUnitReportReporter -->
<testsuite hostname="DELL-FHHTRG3" failures="0" tests="4" name="Register.Test_24_SourceOfComplaint_Negative" time="0.714" errors="0" timestamp="2024-07-16T15:15:19 IST" skipped="0">
  <testcase classname="Register.Test_24_SourceOfComplaint_Negative" name="test_Source_Of_Complaint_Null" time="0.146"/>
  <testcase classname="Register.Test_24_SourceOfComplaint_Negative" name="test_Source_Of_Complaint_Alphabetical" time="0.187"/>
  <testcase classname="Register.Test_24_SourceOfComplaint_Negative" name="test_Source_Of_Complaint_SpecialChars" time="0.236"/>
  <testcase classname="Register.Test_24_SourceOfComplaint_Negative" name="test_Source_Of_Complaint_Invalid" time="0.145"/>
</testsuite> <!-- Register.Test_24_SourceOfComplaint_Negative -->
