<?xml version="1.0" encoding="UTF-8"?>
<!-- Generated by org.testng.reporters.JUnitReportReporter -->
<testsuite hostname="DELL-FHHTRG3" failures="0" tests="5" name="Register.Test_17_MobileNumber_Negative" time="0.762" errors="0" timestamp="2024-07-16T15:15:19 IST" skipped="0">
  <testcase classname="Register.Test_17_MobileNumber_Negative" name="test_Null_MobileNumber_Field" time="0.161"/>
  <testcase classname="Register.Test_17_MobileNumber_Negative" name="test_lessThen_10_Digit_MobileNumber" time="0.122"/>
  <testcase classname="Register.Test_17_MobileNumber_Negative" name="test_moreThen_10_Digit_MobileNumber" time="0.209"/>
  <testcase classname="Register.Test_17_MobileNumber_Negative" name="test_MobileNumber_As_AlphabaticCharacter" time="0.136"/>
  <testcase classname="Register.Test_17_MobileNumber_Negative" name="test_MobileNumber_As_SpecialCharacter" time="0.134"/>
</testsuite> <!-- Register.Test_17_MobileNumber_Negative -->
